Checking whether the ASM compiler is GNU using "--version" did not match "(GNU assembler)|(GCC)|(Free Software Foundation)":
用于 x64 的 Microsoft (R) C/C++ 优化编译器 19.29.30142.1 版
版权所有(C) Microsoft Corporation。保留所有权利。

cl: 命令行 warning D9002 :忽略未知选项“--version”
cl: 命令行 error D8003 :缺少源文件名
Checking whether the ASM compiler is Clang using "--version" did not match "(clang version)":
用于 x64 的 Microsoft (R) C/C++ 优化编译器 19.29.30142.1 版
版权所有(C) Microsoft Corporation。保留所有权利。

cl: 命令行 warning D9002 :忽略未知选项“--version”
cl: 命令行 error D8003 :缺少源文件名
Checking whether the ASM compiler is AppleClang using "--version" did not match "(Apple LLVM version)":
用于 x64 的 Microsoft (R) C/C++ 优化编译器 19.29.30142.1 版
版权所有(C) Microsoft Corporation。保留所有权利。

cl: 命令行 warning D9002 :忽略未知选项“--version”
cl: 命令行 error D8003 :缺少源文件名
Checking whether the ASM compiler is ARMClang using "--version" did not match "armclang":
用于 x64 的 Microsoft (R) C/C++ 优化编译器 19.29.30142.1 版
版权所有(C) Microsoft Corporation。保留所有权利。

cl: 命令行 warning D9002 :忽略未知选项“--version”
cl: 命令行 error D8003 :缺少源文件名
Checking whether the ASM compiler is HP using "-V" did not match "HP C":
用于 x64 的 Microsoft (R) C/C++ 优化编译器 19.29.30142.1 版
版权所有(C) Microsoft Corporation。保留所有权利。

cl: 命令行 error D8004 :“/V”需要参数
Checking whether the ASM compiler is Intel using "--version" did not match "(ICC)":
用于 x64 的 Microsoft (R) C/C++ 优化编译器 19.29.30142.1 版
版权所有(C) Microsoft Corporation。保留所有权利。

cl: 命令行 warning D9002 :忽略未知选项“--version”
cl: 命令行 error D8003 :缺少源文件名
Checking whether the ASM compiler is IntelLLVM using "--version" did not match "(Intel[^
]+oneAPI)":
用于 x64 的 Microsoft (R) C/C++ 优化编译器 19.29.30142.1 版
版权所有(C) Microsoft Corporation。保留所有权利。

cl: 命令行 warning D9002 :忽略未知选项“--version”
cl: 命令行 error D8003 :缺少源文件名
Checking whether the ASM compiler is SunPro using "-V" did not match "Sun C":
用于 x64 的 Microsoft (R) C/C++ 优化编译器 19.29.30142.1 版
版权所有(C) Microsoft Corporation。保留所有权利。

cl: 命令行 error D8004 :“/V”需要参数
Checking whether the ASM compiler is XL using "-qversion" did not match "XL C":
用于 x64 的 Microsoft (R) C/C++ 优化编译器 19.29.30142.1 版
版权所有(C) Microsoft Corporation。保留所有权利。

cl: 命令行 warning D9002 :忽略未知选项“-qversion”
cl: 命令行 error D8003 :缺少源文件名
Performing C SOURCE FILE Test HAVE_LD_VERSION_SCRIPT failed with the following output:
Change Dir: C:/Users/paipeng/git/libpng/build/CMakeFiles/CMakeTmp

Run Build Command(s):C:/Program Files (x86)/Microsoft Visual Studio/2019/Community/MSBuild/Current/Bin/MSBuild.exe cmTC_19fc0.vcxproj /p:Configuration=Debug /p:Platform=x64 /p:VisualStudioVersion=16.0 /v:m && 用于 .NET Framework 的 Microsoft (R) 生成引擎版本 16.11.2+f32259642
版权所有(C) Microsoft Corporation。保留所有权利。

  用于 x64 的 Microsoft (R) C/C++ 优化编译器 19.29.30142.1 版
  版权所有(C) Microsoft Corporation。保留所有权利。
  cl /c /Zi /W3 /WX- /diagnostics:column /Od /Ob0 /D _MBCS /D WIN32 /D _WINDOWS /D HAVE_LD_VERSION_SCRIPT /D "CMAKE_INTDIR=\"Debug\"" /Gm- /RTC1 /MDd /GS /fp:precise /Zc:wchar_t /Zc:forScope /Zc:inline /Fo"cmTC_19fc0.dir\Debug\\" /Fd"cmTC_19fc0.dir\Debug\vc142.pdb" /external:W3 /Gd /TC /errorReport:queue  "-Wl,--version-script='C:/Users/paipeng/git/libpng/build/conftest.map'" C:\Users\paipeng\git\libpng\build\CMakeFiles\CMakeTmp\src.c
cl : 命令行 error D8021: 无效的数值参数“/Wl,--version-script='C:/Users/paipeng/git/libpng/build/conftest.map'” [C:\Users\paipeng\git\libpng\build\CMakeFiles\CMakeTmp\cmTC_19fc0.vcxproj]


Source file was:
void sym(void) {}
void sym2(void) {}
int main(void) {return 0;}

Performing C SOURCE FILE Test HAVE_SOLARIS_LD_VERSION_SCRIPT failed with the following output:
Change Dir: C:/Users/paipeng/git/libpng/build/CMakeFiles/CMakeTmp

Run Build Command(s):C:/Program Files (x86)/Microsoft Visual Studio/2019/Community/MSBuild/Current/Bin/MSBuild.exe cmTC_51188.vcxproj /p:Configuration=Debug /p:Platform=x64 /p:VisualStudioVersion=16.0 /v:m && 用于 .NET Framework 的 Microsoft (R) 生成引擎版本 16.11.2+f32259642
版权所有(C) Microsoft Corporation。保留所有权利。

  用于 x64 的 Microsoft (R) C/C++ 优化编译器 19.29.30142.1 版
  版权所有(C) Microsoft Corporation。保留所有权利。
  cl /c /Zi /W3 /WX- /diagnostics:column /Od /Ob0 /D _MBCS /D WIN32 /D _WINDOWS /D HAVE_SOLARIS_LD_VERSION_SCRIPT /D "CMAKE_INTDIR=\"Debug\"" /Gm- /RTC1 /MDd /GS /fp:precise /Zc:wchar_t /Zc:forScope /Zc:inline /Fo"cmTC_51188.dir\Debug\\" /Fd"cmTC_51188.dir\Debug\vc142.pdb" /external:W3 /Gd /TC /errorReport:queue  -Wl,-M -Wl,C:/Users/paipeng/git/libpng/build/conftest.map C:\Users\paipeng\git\libpng\build\CMakeFiles\CMakeTmp\src.c
cl : 命令行 error D8021: 无效的数值参数“/Wl,-M” [C:\Users\paipeng\git\libpng\build\CMakeFiles\CMakeTmp\cmTC_51188.vcxproj]


Source file was:
void sym(void) {}
void sym2(void) {}
int main(void) {return 0;}

